<?xml version="1.0" encoding="UTF-8"?>
<!-- Generated by org.testng.reporters.JUnitReportReporter -->
<testsuite hostname="DELL" failures="0" tests="2" name="Demo.printing_all_in_list" time="3.948" errors="0" timestamp="17 Oct 2022 06:12:26 GMT">
  <testcase classname="Demo.printing_all_in_list" name="testcase1" time="0.200"/>
  <testcase classname="Demo.printing_all_in_list" name="testcase2" time="3.748"/>
</testsuite> <!-- Demo.printing_all_in_list -->
