<?xml version="1.0" encoding="UTF-8"?>
<!-- Generated by org.testng.reporters.JUnitReportReporter -->
<testsuite hostname="DELL" failures="0" tests="2" name="Demo.mouse" time="14.249" errors="0" timestamp="15 Oct 2022 07:23:41 GMT">
  <testcase classname="Demo.mouse" name="testcase1" time="0.951"/>
  <testcase classname="Demo.mouse" name="testcase2" time="13.298"/>
</testsuite> <!-- Demo.mouse -->
