<?xml version="1.0" encoding="UTF-8"?>
<!-- Generated by org.testng.reporters.JUnitReportReporter -->
<testsuite hostname="DELL" failures="0" tests="2" name="Demo.usinglist" time="6.570" errors="0" timestamp="13 Oct 2022 15:02:25 GMT">
  <testcase classname="Demo.usinglist" name="testcase1" time="0.538"/>
  <testcase classname="Demo.usinglist" name="testcase2" time="6.032"/>
</testsuite> <!-- Demo.usinglist -->
