<?xml version="1.0" encoding="UTF-8"?>
<!-- Generated by org.testng.reporters.JUnitReportReporter -->
<testsuite hostname="DELL" failures="0" tests="1" name="Demo.formfill" time="12.713" errors="0" timestamp="17 Oct 2022 05:00:11 GMT">
  <testcase classname="Demo.formfill" name="testcase1" time="12.713"/>
</testsuite> <!-- Demo.formfill -->
