<?xml version="1.0" encoding="UTF-8"?>
<!-- Generated by org.testng.reporters.JUnitReportReporter -->
<testsuite hostname="DELL" failures="0" tests="2" name="Demo.keyboardaction" time="4.249" errors="0" timestamp="13 Oct 2022 13:07:41 GMT">
  <testcase classname="Demo.keyboardaction" name="testcase1" time="0.179"/>
  <testcase classname="Demo.keyboardaction" name="testcase2" time="4.070"/>
</testsuite> <!-- Demo.keyboardaction -->
