<?xml version="1.0" encoding="UTF-8"?>
<!-- Generated by org.testng.reporters.JUnitReportReporter -->
<testsuite hostname="DELL" failures="0" tests="1" name="Demo.brokenlink" time="52.247" errors="0" timestamp="19 Oct 2022 05:22:48 GMT">
  <testcase classname="Demo.brokenlink" name="t" time="52.247"/>
</testsuite> <!-- Demo.brokenlink -->
