<?xml version="1.0" encoding="UTF-8"?>
<!-- Generated by org.testng.reporters.JUnitReportReporter -->
<testsuite hostname="DELL" failures="0" tests="1" name="Demo.linkprint" time="0.851" errors="0" timestamp="18 Oct 2022 08:20:13 GMT">
  <testcase classname="Demo.linkprint" name="at" time="0.851"/>
</testsuite> <!-- Demo.linkprint -->
