<?xml version="1.0" encoding="UTF-8"?>
<!-- Generated by org.testng.reporters.JUnitReportReporter -->
<testsuite hostname="DELL" failures="0" tests="1" name="Demo.assertions" time="6.427" errors="0" timestamp="3 Nov 2022 12:30:07 GMT">
  <testcase classname="Demo.assertions" name="testAssertFunctions" time="6.427"/>
</testsuite> <!-- Demo.assertions -->
