<?xml version="1.0" encoding="UTF-8"?>
<!-- Generated by org.testng.reporters.JUnitReportReporter -->
<testsuite hostname="DELL" failures="0" tests="1" name="Demo.newwind" time="3.604" errors="0" timestamp="17 Oct 2022 08:47:40 GMT">
  <testcase classname="Demo.newwind" name="newwindow" time="3.604"/>
</testsuite> <!-- Demo.newwind -->
