<?xml version="1.0" encoding="UTF-8"?>
<!-- Generated by org.testng.reporters.JUnitReportReporter -->
<testsuite hostname="DELL" failures="0" tests="2" name="Demo.delete" time="14.975" errors="0" timestamp="13 Oct 2022 07:21:52 GMT">
  <testcase classname="Demo.delete" name="testcase2" time="11.691"/>
  <testcase classname="Demo.delete" name="testcase1" time="3.284"/>
</testsuite> <!-- Demo.delete -->
