<?xml version="1.0" encoding="UTF-8"?>
<!-- Generated by org.testng.reporters.JUnitReportReporter -->
<testsuite hostname="DELL" failures="0" tests="1" name="Demo.First_Selenium" time="17.211" errors="0" timestamp="7 Oct 2022 12:33:21 GMT">
  <testcase classname="Demo.First_Selenium" name="testcase1" time="17.211"/>
</testsuite> <!-- Demo.First_Selenium -->
